This is pdfTeX, Version 3.14159265-2.6-1.40.16 (TeX Live 2015/Debian) (preloaded format=pdflatex 2018.10.24)  15 JAN 2019 21:43
entering extended mode
 restricted \write18 enabled.
 %&-line parsing enabled.
**report.tex
(./report.tex
LaTeX2e <2016/02/01>
Babel <3.9q> and hyphenation patterns for 5 language(s) loaded.
(/usr/share/texlive/texmf-dist/tex/latex/base/article.cls
Document Class: article 2014/09/29 v1.4h Standard LaTeX document class
(/usr/share/texlive/texmf-dist/tex/latex/base/size12.clo
File: size12.clo 2014/09/29 v1.4h Standard LaTeX file (size option)
)
\c@part=\count79
\c@section=\count80
\c@subsection=\count81
\c@subsubsection=\count82
\c@paragraph=\count83
\c@subparagraph=\count84
\c@figure=\count85
\c@table=\count86
\abovecaptionskip=\skip41
\belowcaptionskip=\skip42
\bibindent=\dimen102
)
(/usr/share/texlive/texmf-dist/tex/latex/graphics/graphicx.sty
Package: graphicx 2014/10/28 v1.0g Enhanced LaTeX Graphics (DPC,SPQR)

(/usr/share/texlive/texmf-dist/tex/latex/graphics/keyval.sty
Package: keyval 2014/10/28 v1.15 key=value parser (DPC)
\KV@toks@=\toks14
)
(/usr/share/texlive/texmf-dist/tex/latex/graphics/graphics.sty
Package: graphics 2016/01/03 v1.0q Standard LaTeX Graphics (DPC,SPQR)

(/usr/share/texlive/texmf-dist/tex/latex/graphics/trig.sty
Package: trig 2016/01/03 v1.10 sin cos tan (DPC)
)
(/usr/share/texlive/texmf-dist/tex/latex/latexconfig/graphics.cfg
File: graphics.cfg 2010/04/23 v1.9 graphics configuration of TeX Live
)
Package graphics Info: Driver file: pdftex.def on input line 95.

(/usr/share/texlive/texmf-dist/tex/latex/pdftex-def/pdftex.def
File: pdftex.def 2011/05/27 v0.06d Graphics/color for pdfTeX

(/usr/share/texlive/texmf-dist/tex/generic/oberdiek/infwarerr.sty
Package: infwarerr 2010/04/08 v1.3 Providing info/warning/error messages (HO)
)
(/usr/share/texlive/texmf-dist/tex/generic/oberdiek/ltxcmds.sty
Package: ltxcmds 2011/11/09 v1.22 LaTeX kernel commands for general use (HO)
)
\Gread@gobject=\count87
))
\Gin@req@height=\dimen103
\Gin@req@width=\dimen104
)
(/usr/share/texlive/texmf-dist/tex/latex/amsfonts/amssymb.sty
Package: amssymb 2013/01/14 v3.01 AMS font symbols

(/usr/share/texlive/texmf-dist/tex/latex/amsfonts/amsfonts.sty
Package: amsfonts 2013/01/14 v3.01 Basic AMSFonts support
\@emptytoks=\toks15
\symAMSa=\mathgroup4
\symAMSb=\mathgroup5
LaTeX Font Info:    Overwriting math alphabet `\mathfrak' in version `bold'
(Font)                  U/euf/m/n --> U/euf/b/n on input line 106.
))
(/usr/share/texlive/texmf-dist/tex/latex/base/inputenc.sty
Package: inputenc 2015/03/17 v1.2c Input encoding file
\inpenc@prehook=\toks16
\inpenc@posthook=\toks17

(/usr/share/texlive/texmf-dist/tex/latex/base/utf8.def
File: utf8.def 2015/12/03 v1.1r UTF-8 support for inputenc
Now handling font encoding OML ...
... no UTF-8 mapping file for font encoding OML
Now handling font encoding T1 ...
... processing UTF-8 mapping file for font encoding T1

(/usr/share/texlive/texmf-dist/tex/latex/base/t1enc.dfu
File: t1enc.dfu 2015/12/03 v1.1r UTF-8 support for inputenc
   defining Unicode char U+00A0 (decimal 160)
   defining Unicode char U+00A1 (decimal 161)
   defining Unicode char U+00A3 (decimal 163)
   defining Unicode char U+00AB (decimal 171)
   defining Unicode char U+00AD (decimal 173)
   defining Unicode char U+00BB (decimal 187)
   defining Unicode char U+00BF (decimal 191)
   defining Unicode char U+00C0 (decimal 192)
   defining Unicode char U+00C1 (decimal 193)
   defining Unicode char U+00C2 (decimal 194)
   defining Unicode char U+00C3 (decimal 195)
   defining Unicode char U+00C4 (decimal 196)
   defining Unicode char U+00C5 (decimal 197)
   defining Unicode char U+00C6 (decimal 198)
   defining Unicode char U+00C7 (decimal 199)
   defining Unicode char U+00C8 (decimal 200)
   defining Unicode char U+00C9 (decimal 201)
   defining Unicode char U+00CA (decimal 202)
   defining Unicode char U+00CB (decimal 203)
   defining Unicode char U+00CC (decimal 204)
   defining Unicode char U+00CD (decimal 205)
   defining Unicode char U+00CE (decimal 206)
   defining Unicode char U+00CF (decimal 207)
   defining Unicode char U+00D0 (decimal 208)
   defining Unicode char U+00D1 (decimal 209)
   defining Unicode char U+00D2 (decimal 210)
   defining Unicode char U+00D3 (decimal 211)
   defining Unicode char U+00D4 (decimal 212)
   defining Unicode char U+00D5 (decimal 213)
   defining Unicode char U+00D6 (decimal 214)
   defining Unicode char U+00D8 (decimal 216)
   defining Unicode char U+00D9 (decimal 217)
   defining Unicode char U+00DA (decimal 218)
   defining Unicode char U+00DB (decimal 219)
   defining Unicode char U+00DC (decimal 220)
   defining Unicode char U+00DD (decimal 221)
   defining Unicode char U+00DE (decimal 222)
   defining Unicode char U+00DF (decimal 223)
   defining Unicode char U+00E0 (decimal 224)
   defining Unicode char U+00E1 (decimal 225)
   defining Unicode char U+00E2 (decimal 226)
   defining Unicode char U+00E3 (decimal 227)
   defining Unicode char U+00E4 (decimal 228)
   defining Unicode char U+00E5 (decimal 229)
   defining Unicode char U+00E6 (decimal 230)
   defining Unicode char U+00E7 (decimal 231)
   defining Unicode char U+00E8 (decimal 232)
   defining Unicode char U+00E9 (decimal 233)
   defining Unicode char U+00EA (decimal 234)
   defining Unicode char U+00EB (decimal 235)
   defining Unicode char U+00EC (decimal 236)
   defining Unicode char U+00ED (decimal 237)
   defining Unicode char U+00EE (decimal 238)
   defining Unicode char U+00EF (decimal 239)
   defining Unicode char U+00F0 (decimal 240)
   defining Unicode char U+00F1 (decimal 241)
   defining Unicode char U+00F2 (decimal 242)
   defining Unicode char U+00F3 (decimal 243)
   defining Unicode char U+00F4 (decimal 244)
   defining Unicode char U+00F5 (decimal 245)
   defining Unicode char U+00F6 (decimal 246)
   defining Unicode char U+00F8 (decimal 248)
   defining Unicode char U+00F9 (decimal 249)
   defining Unicode char U+00FA (decimal 250)
   defining Unicode char U+00FB (decimal 251)
   defining Unicode char U+00FC (decimal 252)
   defining Unicode char U+00FD (decimal 253)
   defining Unicode char U+00FE (decimal 254)
   defining Unicode char U+00FF (decimal 255)
   defining Unicode char U+0100 (decimal 256)
   defining Unicode char U+0101 (decimal 257)
   defining Unicode char U+0102 (decimal 258)
   defining Unicode char U+0103 (decimal 259)
   defining Unicode char U+0104 (decimal 260)
   defining Unicode char U+0105 (decimal 261)
   defining Unicode char U+0106 (decimal 262)
   defining Unicode char U+0107 (decimal 263)
   defining Unicode char U+0108 (decimal 264)
   defining Unicode char U+0109 (decimal 265)
   defining Unicode char U+010A (decimal 266)
   defining Unicode char U+010B (decimal 267)
   defining Unicode char U+010C (decimal 268)
   defining Unicode char U+010D (decimal 269)
   defining Unicode char U+010E (decimal 270)
   defining Unicode char U+010F (decimal 271)
   defining Unicode char U+0110 (decimal 272)
   defining Unicode char U+0111 (decimal 273)
   defining Unicode char U+0112 (decimal 274)
   defining Unicode char U+0113 (decimal 275)
   defining Unicode char U+0114 (decimal 276)
   defining Unicode char U+0115 (decimal 277)
   defining Unicode char U+0116 (decimal 278)
   defining Unicode char U+0117 (decimal 279)
   defining Unicode char U+0118 (decimal 280)
   defining Unicode char U+0119 (decimal 281)
   defining Unicode char U+011A (decimal 282)
   defining Unicode char U+011B (decimal 283)
   defining Unicode char U+011C (decimal 284)
   defining Unicode char U+011D (decimal 285)
   defining Unicode char U+011E (decimal 286)
   defining Unicode char U+011F (decimal 287)
   defining Unicode char U+0120 (decimal 288)
   defining Unicode char U+0121 (decimal 289)
   defining Unicode char U+0122 (decimal 290)
   defining Unicode char U+0123 (decimal 291)
   defining Unicode char U+0124 (decimal 292)
   defining Unicode char U+0125 (decimal 293)
   defining Unicode char U+0128 (decimal 296)
   defining Unicode char U+0129 (decimal 297)
   defining Unicode char U+012A (decimal 298)
   defining Unicode char U+012B (decimal 299)
   defining Unicode char U+012C (decimal 300)
   defining Unicode char U+012D (decimal 301)
   defining Unicode char U+012E (decimal 302)
   defining Unicode char U+012F (decimal 303)
   defining Unicode char U+0130 (decimal 304)
   defining Unicode char U+0131 (decimal 305)
   defining Unicode char U+0132 (decimal 306)
   defining Unicode char U+0133 (decimal 307)
   defining Unicode char U+0134 (decimal 308)
   defining Unicode char U+0135 (decimal 309)
   defining Unicode char U+0136 (decimal 310)
   defining Unicode char U+0137 (decimal 311)
   defining Unicode char U+0139 (decimal 313)
   defining Unicode char U+013A (decimal 314)
   defining Unicode char U+013B (decimal 315)
   defining Unicode char U+013C (decimal 316)
   defining Unicode char U+013D (decimal 317)
   defining Unicode char U+013E (decimal 318)
   defining Unicode char U+0141 (decimal 321)
   defining Unicode char U+0142 (decimal 322)
   defining Unicode char U+0143 (decimal 323)
   defining Unicode char U+0144 (decimal 324)
   defining Unicode char U+0145 (decimal 325)
   defining Unicode char U+0146 (decimal 326)
   defining Unicode char U+0147 (decimal 327)
   defining Unicode char U+0148 (decimal 328)
   defining Unicode char U+014A (decimal 330)
   defining Unicode char U+014B (decimal 331)
   defining Unicode char U+014C (decimal 332)
   defining Unicode char U+014D (decimal 333)
   defining Unicode char U+014E (decimal 334)
   defining Unicode char U+014F (decimal 335)
   defining Unicode char U+0150 (decimal 336)
   defining Unicode char U+0151 (decimal 337)
   defining Unicode char U+0152 (decimal 338)
   defining Unicode char U+0153 (decimal 339)
   defining Unicode char U+0154 (decimal 340)
   defining Unicode char U+0155 (decimal 341)
   defining Unicode char U+0156 (decimal 342)
   defining Unicode char U+0157 (decimal 343)
   defining Unicode char U+0158 (decimal 344)
   defining Unicode char U+0159 (decimal 345)
   defining Unicode char U+015A (decimal 346)
   defining Unicode char U+015B (decimal 347)
   defining Unicode char U+015C (decimal 348)
   defining Unicode char U+015D (decimal 349)
   defining Unicode char U+015E (decimal 350)
   defining Unicode char U+015F (decimal 351)
   defining Unicode char U+0160 (decimal 352)
   defining Unicode char U+0161 (decimal 353)
   defining Unicode char U+0162 (decimal 354)
   defining Unicode char U+0163 (decimal 355)
   defining Unicode char U+0164 (decimal 356)
   defining Unicode char U+0165 (decimal 357)
   defining Unicode char U+0168 (decimal 360)
   defining Unicode char U+0169 (decimal 361)
   defining Unicode char U+016A (decimal 362)
   defining Unicode char U+016B (decimal 363)
   defining Unicode char U+016C (decimal 364)
   defining Unicode char U+016D (decimal 365)
   defining Unicode char U+016E (decimal 366)
   defining Unicode char U+016F (decimal 367)
   defining Unicode char U+0170 (decimal 368)
   defining Unicode char U+0171 (decimal 369)
   defining Unicode char U+0172 (decimal 370)
   defining Unicode char U+0173 (decimal 371)
   defining Unicode char U+0174 (decimal 372)
   defining Unicode char U+0175 (decimal 373)
   defining Unicode char U+0176 (decimal 374)
   defining Unicode char U+0177 (decimal 375)
   defining Unicode char U+0178 (decimal 376)
   defining Unicode char U+0179 (decimal 377)
   defining Unicode char U+017A (decimal 378)
   defining Unicode char U+017B (decimal 379)
   defining Unicode char U+017C (decimal 380)
   defining Unicode char U+017D (decimal 381)
   defining Unicode char U+017E (decimal 382)
   defining Unicode char U+01CD (decimal 461)
   defining Unicode char U+01CE (decimal 462)
   defining Unicode char U+01CF (decimal 463)
   defining Unicode char U+01D0 (decimal 464)
   defining Unicode char U+01D1 (decimal 465)
   defining Unicode char U+01D2 (decimal 466)
   defining Unicode char U+01D3 (decimal 467)
   defining Unicode char U+01D4 (decimal 468)
   defining Unicode char U+01E2 (decimal 482)
   defining Unicode char U+01E3 (decimal 483)
   defining Unicode char U+01E6 (decimal 486)
   defining Unicode char U+01E7 (decimal 487)
   defining Unicode char U+01E8 (decimal 488)
   defining Unicode char U+01E9 (decimal 489)
   defining Unicode char U+01EA (decimal 490)
   defining Unicode char U+01EB (decimal 491)
   defining Unicode char U+01F0 (decimal 496)
   defining Unicode char U+01F4 (decimal 500)
   defining Unicode char U+01F5 (decimal 501)
   defining Unicode char U+0218 (decimal 536)
   defining Unicode char U+0219 (decimal 537)
   defining Unicode char U+021A (decimal 538)
   defining Unicode char U+021B (decimal 539)
   defining Unicode char U+01E02 (decimal 7682)
   defining Unicode char U+01E03 (decimal 7683)
   defining Unicode char U+200C (decimal 8204)
   defining Unicode char U+2013 (decimal 8211)
   defining Unicode char U+2014 (decimal 8212)
   defining Unicode char U+2018 (decimal 8216)
   defining Unicode char U+2019 (decimal 8217)
   defining Unicode char U+201A (decimal 8218)
   defining Unicode char U+201C (decimal 8220)
   defining Unicode char U+201D (decimal 8221)
   defining Unicode char U+201E (decimal 8222)
   defining Unicode char U+2030 (decimal 8240)
   defining Unicode char U+2031 (decimal 8241)
   defining Unicode char U+2039 (decimal 8249)
   defining Unicode char U+203A (decimal 8250)
   defining Unicode char U+2423 (decimal 9251)
)
Now handling font encoding OT1 ...
... processing UTF-8 mapping file for font encoding OT1

(/usr/share/texlive/texmf-dist/tex/latex/base/ot1enc.dfu
File: ot1enc.dfu 2015/12/03 v1.1r UTF-8 support for inputenc
   defining Unicode char U+00A0 (decimal 160)
   defining Unicode char U+00A1 (decimal 161)
   defining Unicode char U+00A3 (decimal 163)
   defining Unicode char U+00AD (decimal 173)
   defining Unicode char U+00B8 (decimal 184)
   defining Unicode char U+00BF (decimal 191)
   defining Unicode char U+00C5 (decimal 197)
   defining Unicode char U+00C6 (decimal 198)
   defining Unicode char U+00D8 (decimal 216)
   defining Unicode char U+00DF (decimal 223)
   defining Unicode char U+00E6 (decimal 230)
   defining Unicode char U+00EC (decimal 236)
   defining Unicode char U+00ED (decimal 237)
   defining Unicode char U+00EE (decimal 238)
   defining Unicode char U+00EF (decimal 239)
   defining Unicode char U+00F8 (decimal 248)
   defining Unicode char U+0131 (decimal 305)
   defining Unicode char U+0141 (decimal 321)
   defining Unicode char U+0142 (decimal 322)
   defining Unicode char U+0152 (decimal 338)
   defining Unicode char U+0153 (decimal 339)
   defining Unicode char U+0174 (decimal 372)
   defining Unicode char U+0175 (decimal 373)
   defining Unicode char U+0176 (decimal 374)
   defining Unicode char U+0177 (decimal 375)
   defining Unicode char U+0218 (decimal 536)
   defining Unicode char U+0219 (decimal 537)
   defining Unicode char U+021A (decimal 538)
   defining Unicode char U+021B (decimal 539)
   defining Unicode char U+2013 (decimal 8211)
   defining Unicode char U+2014 (decimal 8212)
   defining Unicode char U+2018 (decimal 8216)
   defining Unicode char U+2019 (decimal 8217)
   defining Unicode char U+201C (decimal 8220)
   defining Unicode char U+201D (decimal 8221)
)
Now handling font encoding OMS ...
... processing UTF-8 mapping file for font encoding OMS

(/usr/share/texlive/texmf-dist/tex/latex/base/omsenc.dfu
File: omsenc.dfu 2015/12/03 v1.1r UTF-8 support for inputenc
   defining Unicode char U+00A7 (decimal 167)
   defining Unicode char U+00B6 (decimal 182)
   defining Unicode char U+00B7 (decimal 183)
   defining Unicode char U+2020 (decimal 8224)
   defining Unicode char U+2021 (decimal 8225)
   defining Unicode char U+2022 (decimal 8226)
)
Now handling font encoding OMX ...
... no UTF-8 mapping file for font encoding OMX
Now handling font encoding U ...
... no UTF-8 mapping file for font encoding U
   defining Unicode char U+00A9 (decimal 169)
   defining Unicode char U+00AA (decimal 170)
   defining Unicode char U+00AE (decimal 174)
   defining Unicode char U+00BA (decimal 186)
   defining Unicode char U+02C6 (decimal 710)
   defining Unicode char U+02DC (decimal 732)
   defining Unicode char U+200C (decimal 8204)
   defining Unicode char U+2026 (decimal 8230)
   defining Unicode char U+2122 (decimal 8482)
   defining Unicode char U+2423 (decimal 9251)
))
(/usr/share/texlive/texmf-dist/tex/latex/tools/multicol.sty
Package: multicol 2015/08/19 v1.8n multicolumn formatting (FMi)
\c@tracingmulticols=\count88
\mult@box=\box26
\multicol@leftmargin=\dimen105
\c@unbalance=\count89
\c@collectmore=\count90
\doublecol@number=\count91
\multicoltolerance=\count92
\multicolpretolerance=\count93
\full@width=\dimen106
\page@free=\dimen107
\premulticols=\dimen108
\postmulticols=\dimen109
\multicolsep=\skip43
\multicolbaselineskip=\skip44
\partial@page=\box27
\last@line=\box28
\maxbalancingoverflow=\dimen110
\mult@rightbox=\box29
\mult@grightbox=\box30
\mult@gfirstbox=\box31
\mult@firstbox=\box32
\@tempa=\box33
\@tempa=\box34
\@tempa=\box35
\@tempa=\box36
\@tempa=\box37
\@tempa=\box38
\@tempa=\box39
\@tempa=\box40
\@tempa=\box41
\@tempa=\box42
\@tempa=\box43
\@tempa=\box44
\@tempa=\box45
\@tempa=\box46
\@tempa=\box47
\@tempa=\box48
\@tempa=\box49
\c@columnbadness=\count94
\c@finalcolumnbadness=\count95
\last@try=\dimen111
\multicolovershoot=\dimen112
\multicolundershoot=\dimen113
\mult@nat@firstbox=\box50
\colbreak@box=\box51
\mc@col@check@num=\count96
)
(/usr/share/texlive/texmf-dist/tex/latex/listings/listings.sty
\lst@mode=\count97
\lst@gtempboxa=\box52
\lst@token=\toks18
\lst@length=\count98
\lst@currlwidth=\dimen114
\lst@column=\count99
\lst@pos=\count100
\lst@lostspace=\dimen115
\lst@width=\dimen116
\lst@newlines=\count101
\lst@lineno=\count102
\lst@maxwidth=\dimen117

(/usr/share/texlive/texmf-dist/tex/latex/listings/lstmisc.sty
File: lstmisc.sty 2015/06/04 1.6 (Carsten Heinz)
\c@lstnumber=\count103
\lst@skipnumbers=\count104
\lst@framebox=\box53
)
(/usr/share/texlive/texmf-dist/tex/latex/listings/listings.cfg
File: listings.cfg 2015/06/04 1.6 listings configuration
))
Package: listings 2015/06/04 1.6 (Carsten Heinz)

(/usr/share/texlive/texmf-dist/tex/latex/amsmath/amsmath.sty
Package: amsmath 2016/03/03 v2.15a AMS math features
\@mathmargin=\skip45

For additional information on amsmath, use the `?' option.
(/usr/share/texlive/texmf-dist/tex/latex/amsmath/amstext.sty
Package: amstext 2000/06/29 v2.01 AMS text

(/usr/share/texlive/texmf-dist/tex/latex/amsmath/amsgen.sty
File: amsgen.sty 1999/11/30 v2.0 generic functions
\@emptytoks=\toks19
\ex@=\dimen118
))
(/usr/share/texlive/texmf-dist/tex/latex/amsmath/amsbsy.sty
Package: amsbsy 1999/11/29 v1.2d Bold Symbols
\pmbraise@=\dimen119
)
(/usr/share/texlive/texmf-dist/tex/latex/amsmath/amsopn.sty
Package: amsopn 1999/12/14 v2.01 operator names
)
\inf@bad=\count105
LaTeX Info: Redefining \frac on input line 199.
\uproot@=\count106
\leftroot@=\count107
LaTeX Info: Redefining \overline on input line 297.
\classnum@=\count108
\DOTSCASE@=\count109
LaTeX Info: Redefining \ldots on input line 394.
LaTeX Info: Redefining \dots on input line 397.
LaTeX Info: Redefining \cdots on input line 518.
\Mathstrutbox@=\box54
\strutbox@=\box55
\big@size=\dimen120
LaTeX Font Info:    Redeclaring font encoding OML on input line 630.
LaTeX Font Info:    Redeclaring font encoding OMS on input line 631.
\macc@depth=\count110
\c@MaxMatrixCols=\count111
\dotsspace@=\muskip10
\c@parentequation=\count112
\dspbrk@lvl=\count113
\tag@help=\toks20
\row@=\count114
\column@=\count115
\maxfields@=\count116
\andhelp@=\toks21
\eqnshift@=\dimen121
\alignsep@=\dimen122
\tagshift@=\dimen123
\tagwidth@=\dimen124
\totwidth@=\dimen125
\lineht@=\dimen126
\@envbody=\toks22
\multlinegap=\skip46
\multlinetaggap=\skip47
\mathdisplay@stack=\toks23
LaTeX Info: Redefining \[ on input line 2735.
LaTeX Info: Redefining \] on input line 2736.
)
(/usr/share/texlive/texmf-dist/tex/latex/subfig/subfig.sty
Package: subfig 2005/06/28 ver: 1.3 subfig package

(/usr/share/texlive/texmf-dist/tex/latex/caption/caption.sty
Package: caption 2016/02/21 v3.3-144 Customizing captions (AR)

(/usr/share/texlive/texmf-dist/tex/latex/caption/caption3.sty
Package: caption3 2016/02/04 v1.7-139 caption3 kernel (AR)
Package caption3 Info: TeX engine: e-TeX on input line 67.
\captionmargin=\dimen127
\captionmargin@=\dimen128
\captionwidth=\dimen129
\caption@tempdima=\dimen130
\caption@indent=\dimen131
\caption@parindent=\dimen132
\caption@hangindent=\dimen133
)
\c@ContinuedFloat=\count117
Package caption Info: listings package is loaded.
)
\c@KVtest=\count118
\sf@farskip=\skip48
\sf@captopadj=\dimen134
\sf@capskip=\skip49
\sf@nearskip=\skip50
\c@subfigure=\count119
\c@subfigure@save=\count120
\c@lofdepth=\count121
\c@subtable=\count122
\c@subtable@save=\count123
\c@lotdepth=\count124
\sf@top=\skip51
\sf@bottom=\skip52
)
(/usr/share/texlive/texmf-dist/tex/latex/float/float.sty
Package: float 2001/11/08 v1.3d Float enhancements (AL)
\c@float@type=\count125
\float@exts=\toks24
\float@box=\box56
\@float@everytoks=\toks25
\@floatcapt=\box57
)
(/usr/share/texlive/texmf-dist/tex/latex/geometry/geometry.sty
Package: geometry 2010/09/12 v5.6 Page Geometry

(/usr/share/texlive/texmf-dist/tex/generic/oberdiek/ifpdf.sty
Package: ifpdf 2011/01/30 v2.3 Provides the ifpdf switch (HO)
Package ifpdf Info: pdfTeX in PDF mode is detected.
)
(/usr/share/texlive/texmf-dist/tex/generic/oberdiek/ifvtex.sty
Package: ifvtex 2010/03/01 v1.5 Detect VTeX and its facilities (HO)
Package ifvtex Info: VTeX not detected.
)
(/usr/share/texlive/texmf-dist/tex/generic/ifxetex/ifxetex.sty
Package: ifxetex 2010/09/12 v0.6 Provides ifxetex conditional
)
\Gm@cnth=\count126
\Gm@cntv=\count127
\c@Gm@tempcnt=\count128
\Gm@bindingoffset=\dimen135
\Gm@wd@mp=\dimen136
\Gm@odd@mp=\dimen137
\Gm@even@mp=\dimen138
\Gm@layoutwidth=\dimen139
\Gm@layoutheight=\dimen140
\Gm@layouthoffset=\dimen141
\Gm@layoutvoffset=\dimen142
\Gm@dimlist=\toks26
)
\tindent=\skip53
 (./report.aux

LaTeX Warning: Label `fig:occlus_dynamic' multiply defined.


LaTeX Warning: Label `fig:occlus_dynamic' multiply defined.


LaTeX Warning: Label `fig:occlus_dynamic' multiply defined.


LaTeX Warning: Label `fig:occlus_dynamic' multiply defined.


LaTeX Warning: Label `fig:occlus_dynamic' multiply defined.


LaTeX Warning: Label `fig:occlus_dynamic' multiply defined.


LaTeX Warning: Label `fig:occlus_dynamic' multiply defined.

)
\openout1 = `report.aux'.

LaTeX Font Info:    Checking defaults for OML/cmm/m/it on input line 25.
LaTeX Font Info:    ... okay on input line 25.
LaTeX Font Info:    Checking defaults for T1/cmr/m/n on input line 25.
LaTeX Font Info:    ... okay on input line 25.
LaTeX Font Info:    Checking defaults for OT1/cmr/m/n on input line 25.
LaTeX Font Info:    ... okay on input line 25.
LaTeX Font Info:    Checking defaults for OMS/cmsy/m/n on input line 25.
LaTeX Font Info:    ... okay on input line 25.
LaTeX Font Info:    Checking defaults for OMX/cmex/m/n on input line 25.
LaTeX Font Info:    ... okay on input line 25.
LaTeX Font Info:    Checking defaults for U/cmr/m/n on input line 25.
LaTeX Font Info:    ... okay on input line 25.
 (/usr/share/texlive/texmf-dist/tex/context/base/supp-pdf.mkii
[Loading MPS to PDF converter (version 2006.09.02).]
\scratchcounter=\count129
\scratchdimen=\dimen143
\scratchbox=\box58
\nofMPsegments=\count130
\nofMParguments=\count131
\everyMPshowfont=\toks27
\MPscratchCnt=\count132
\MPscratchDim=\dimen144
\MPnumerator=\count133
\makeMPintoPDFobject=\count134
\everyMPtoPDFconversion=\toks28
) (/usr/share/texlive/texmf-dist/tex/generic/oberdiek/pdftexcmds.sty
Package: pdftexcmds 2011/11/29 v0.20 Utility functions of pdfTeX for LuaTeX (HO
)

(/usr/share/texlive/texmf-dist/tex/generic/oberdiek/ifluatex.sty
Package: ifluatex 2010/03/01 v1.3 Provides the ifluatex switch (HO)
Package ifluatex Info: LuaTeX not detected.
)
Package pdftexcmds Info: LuaTeX not detected.
Package pdftexcmds Info: \pdf@primitive is available.
Package pdftexcmds Info: \pdf@ifprimitive is available.
Package pdftexcmds Info: \pdfdraftmode found.
)
(/usr/share/texlive/texmf-dist/tex/latex/oberdiek/epstopdf-base.sty
Package: epstopdf-base 2010/02/09 v2.5 Base part for package epstopdf

(/usr/share/texlive/texmf-dist/tex/latex/oberdiek/grfext.sty
Package: grfext 2010/08/19 v1.1 Manage graphics extensions (HO)

(/usr/share/texlive/texmf-dist/tex/generic/oberdiek/kvdefinekeys.sty
Package: kvdefinekeys 2011/04/07 v1.3 Define keys (HO)
))
(/usr/share/texlive/texmf-dist/tex/latex/oberdiek/kvoptions.sty
Package: kvoptions 2011/06/30 v3.11 Key value format for package options (HO)

(/usr/share/texlive/texmf-dist/tex/generic/oberdiek/kvsetkeys.sty
Package: kvsetkeys 2012/04/25 v1.16 Key value parser (HO)

(/usr/share/texlive/texmf-dist/tex/generic/oberdiek/etexcmds.sty
Package: etexcmds 2011/02/16 v1.5 Avoid name clashes with e-TeX commands (HO)
Package etexcmds Info: Could not find \expanded.
(etexcmds)             That can mean that you are not using pdfTeX 1.50 or
(etexcmds)             that some package has redefined \expanded.
(etexcmds)             In the latter case, load this package earlier.
)))
Package grfext Info: Graphics extension search list:
(grfext)             [.png,.pdf,.jpg,.mps,.jpeg,.jbig2,.jb2,.PNG,.PDF,.JPG,.JPE
G,.JBIG2,.JB2,.eps]
(grfext)             \AppendGraphicsExtensions on input line 452.

(/usr/share/texlive/texmf-dist/tex/latex/latexconfig/epstopdf-sys.cfg
File: epstopdf-sys.cfg 2010/07/13 v1.3 Configuration of (r)epstopdf for TeX Liv
e
))
\c@lstlisting=\count135
Package caption Info: Begin \AtBeginDocument code.
Package caption Info: subfig package v1.3 is loaded.
Package caption Info: float package is loaded.
Package caption Info: End \AtBeginDocument code.

*geometry* driver: auto-detecting
*geometry* detected driver: pdftex
*geometry* verbose mode - [ preamble ] result:
* driver: pdftex
* paper: <default>
* layout: <same size as paper>
* layoutoffset:(h,v)=(0.0pt,0.0pt)
* modes: 
* h-part:(L,W,R)=(56.9055pt, 500.484pt, 56.9055pt)
* v-part:(T,H,B)=(56.9055pt, 681.15898pt, 56.9055pt)
* \paperwidth=614.295pt
* \paperheight=794.96999pt
* \textwidth=500.484pt
* \textheight=681.15898pt
* \oddsidemargin=-15.36449pt
* \evensidemargin=-15.36449pt
* \topmargin=-52.36449pt
* \headheight=12.0pt
* \headsep=25.0pt
* \topskip=12.0pt
* \footskip=30.0pt
* \marginparwidth=44.0pt
* \marginparsep=10.0pt
* \columnsep=10.0pt
* \skip\footins=10.8pt plus 4.0pt minus 2.0pt
* \hoffset=0.0pt
* \voffset=0.0pt
* \mag=1000
* \@twocolumnfalse
* \@twosidefalse
* \@mparswitchfalse
* \@reversemarginfalse
* (1in=72.27pt=25.4mm, 1cm=28.453pt)

LaTeX Font Info:    Try loading font information for U+msa on input line 32.
(/usr/share/texlive/texmf-dist/tex/latex/amsfonts/umsa.fd
File: umsa.fd 2013/01/14 v3.01 AMS symbols A
)
LaTeX Font Info:    Try loading font information for U+msb on input line 32.

(/usr/share/texlive/texmf-dist/tex/latex/amsfonts/umsb.fd
File: umsb.fd 2013/01/14 v3.01 AMS symbols B
) [1

{/var/lib/texmf/fonts/map/pdftex/updmap/pdftex.map}]
Underfull \hbox (badness 10000) in paragraph at lines 58--63

 []

LaTeX Font Info:    Try loading font information for OMS+cmr on input line 72.
(/usr/share/texlive/texmf-dist/tex/latex/base/omscmr.fd
File: omscmr.fd 2014/09/29 v2.5h Standard LaTeX font definitions
)
LaTeX Font Info:    Font shape `OMS/cmr/m/n' in size <12> not available
(Font)              Font shape `OMS/cmsy/m/n' tried instead on input line 72.

<Images/network_overview.png, id=9, 1129.21875pt x 365.86688pt>
File: Images/network_overview.png Graphic file (type png)

<use Images/network_overview.png>
Package pdftex.def Info: Images/network_overview.png used on input line 81.
(pdftex.def)             Requested size: 500.484pt x 162.15987pt.
 [2 <./Images/network_overview.png>]
<Images/Places2.png, id=16, 940.26282pt x 306.39468pt>
File: Images/Places2.png Graphic file (type png)

<use Images/Places2.png>
Package pdftex.def Info: Images/Places2.png used on input line 100.
(pdftex.def)             Requested size: 500.484pt x 163.08969pt.
 [3 <./Images/Places2.png>]
<Images/Masks/bateau_in_circle.png, id=21, 501.875pt x 501.875pt>
File: Images/Masks/bateau_in_circle.png Graphic file (type png)

<use Images/Masks/bateau_in_circle.png>
Package pdftex.def Info: Images/Masks/bateau_in_circle.png used on input line 1
19.
(pdftex.def)             Requested size: 80.30164pt x 80.30164pt.

<Images/Masks/bateau_in_square.png, id=22, 501.875pt x 501.875pt>
File: Images/Masks/bateau_in_square.png Graphic file (type png)

<use Images/Masks/bateau_in_square.png>
Package pdftex.def Info: Images/Masks/bateau_in_square.png used on input line 1
22.
(pdftex.def)             Requested size: 80.30164pt x 80.30164pt.

<Images/Masks/bateau_in_triangle.png, id=23, 501.875pt x 501.875pt>
File: Images/Masks/bateau_in_triangle.png Graphic file (type png)

<use Images/Masks/bateau_in_triangle.png>
Package pdftex.def Info: Images/Masks/bateau_in_triangle.png used on input line
 125.
(pdftex.def)             Requested size: 80.30164pt x 80.30164pt.

<Images/Masks/montagne_in_circle.png, id=24, 501.875pt x 377.41pt>
File: Images/Masks/montagne_in_circle.png Graphic file (type png)

<use Images/Masks/montagne_in_circle.png>
Package pdftex.def Info: Images/Masks/montagne_in_circle.png used on input line
 128.
(pdftex.def)             Requested size: 80.30164pt x 60.38683pt.

<Images/Masks/montagne_in_square.png, id=25, 501.875pt x 377.41pt>
File: Images/Masks/montagne_in_square.png Graphic file (type png)

<use Images/Masks/montagne_in_square.png>
Package pdftex.def Info: Images/Masks/montagne_in_square.png used on input line
 131.
(pdftex.def)             Requested size: 80.30164pt x 60.38683pt.

<Images/Masks/montagne_in_triangle.png, id=26, 501.875pt x 377.41pt>
File: Images/Masks/montagne_in_triangle.png Graphic file (type png)

<use Images/Masks/montagne_in_triangle.png>
Package pdftex.def Info: Images/Masks/montagne_in_triangle.png used on input li
ne 134.
(pdftex.def)             Requested size: 80.30164pt x 60.38683pt.

<Images/Masks/bateau_out_circle_noise_0_000.png, id=27, 501.875pt x 501.875pt>
File: Images/Masks/bateau_out_circle_noise_0_000.png Graphic file (type png)

<use Images/Masks/bateau_out_circle_noise_0_000.png>
Package pdftex.def Info: Images/Masks/bateau_out_circle_noise_0_000.png used on
 input line 140.
(pdftex.def)             Requested size: 80.30164pt x 80.30164pt.

<Images/Masks/bateau_out_square_noise_0_000.png, id=28, 501.875pt x 501.875pt>
File: Images/Masks/bateau_out_square_noise_0_000.png Graphic file (type png)

<use Images/Masks/bateau_out_square_noise_0_000.png>
Package pdftex.def Info: Images/Masks/bateau_out_square_noise_0_000.png used on
 input line 143.
(pdftex.def)             Requested size: 80.30164pt x 80.30164pt.

<Images/Masks/bateau_out_triangle_noise_0_000.png, id=29, 501.875pt x 501.875pt
>
File: Images/Masks/bateau_out_triangle_noise_0_000.png Graphic file (type png)
 <use Images/Masks/bateau_out_triangle_noise_0_000.png>
Package pdftex.def Info: Images/Masks/bateau_out_triangle_noise_0_000.png used 
on input line 146.
(pdftex.def)             Requested size: 80.30164pt x 80.30164pt.

<Images/Masks/montagne_out_circle_noise_0_000.png, id=30, 501.875pt x 377.41pt>
File: Images/Masks/montagne_out_circle_noise_0_000.png Graphic file (type png)
<use Images/Masks/montagne_out_circle_noise_0_000.png>
Package pdftex.def Info: Images/Masks/montagne_out_circle_noise_0_000.png used 
on input line 149.
(pdftex.def)             Requested size: 80.30164pt x 60.38683pt.

<Images/Masks/montagne_out_square_noise_0_000.png, id=31, 501.875pt x 377.41pt>
File: Images/Masks/montagne_out_square_noise_0_000.png Graphic file (type png)
<use Images/Masks/montagne_out_square_noise_0_000.png>
Package pdftex.def Info: Images/Masks/montagne_out_square_noise_0_000.png used 
on input line 152.
(pdftex.def)             Requested size: 80.30164pt x 60.38683pt.

<Images/Masks/montagne_out_triangle_noise_0_000.png, id=32, 501.875pt x 377.41p
t>
File: Images/Masks/montagne_out_triangle_noise_0_000.png Graphic file (type png
)
 <use Images/Masks/montagne_out_triangle_noise_0_000.png>
Package pdftex.def Info: Images/Masks/montagne_out_triangle_noise_0_000.png use
d on input line 155.
(pdftex.def)             Requested size: 80.30164pt x 60.38683pt.

<Images/Visages/v_input_1.png, id=33, 501.875pt x 333.245pt>
File: Images/Visages/v_input_1.png Graphic file (type png)

<use Images/Visages/v_input_1.png>
Package pdftex.def Info: Images/Visages/v_input_1.png used on input line 176.
(pdftex.def)             Requested size: 120.45245pt x 79.98042pt.

<Images/Visages/v_out_1.png, id=34, 501.875pt x 333.245pt>
File: Images/Visages/v_out_1.png Graphic file (type png)

<use Images/Visages/v_out_1.png>
Package pdftex.def Info: Images/Visages/v_out_1.png used on input line 179.
(pdftex.def)             Requested size: 120.45245pt x 79.98042pt.

<Images/Visages/v_input_2.png, id=35, 501.875pt x 333.245pt>
File: Images/Visages/v_input_2.png Graphic file (type png)

<use Images/Visages/v_input_2.png>
Package pdftex.def Info: Images/Visages/v_input_2.png used on input line 182.
(pdftex.def)             Requested size: 120.45245pt x 79.98042pt.

<Images/Visages/v_out_2.png, id=36, 501.875pt x 333.245pt>
File: Images/Visages/v_out_2.png Graphic file (type png)

<use Images/Visages/v_out_2.png>
Package pdftex.def Info: Images/Visages/v_out_2.png used on input line 185.
(pdftex.def)             Requested size: 120.45245pt x 79.98042pt.
 [4 <./Images/Masks/bateau_in_circle.png (PNG copy)> <./Images/Masks/bateau_in_
square.png (PNG copy)> <./Images/Masks/bateau_in_triangle.png (PNG copy)> <./Im
ages/Masks/montagne_in_circle.png (PNG copy)> <./Images/Masks/montagne_in_squar
e.png (PNG copy)> <./Images/Masks/montagne_in_triangle.png (PNG copy)> <./Image
s/Masks/bateau_out_circle_noise_0_000.png (PNG copy)> <./Images/Masks/bateau_ou
t_square_noise_0_000.png (PNG copy)> <./Images/Masks/bateau_out_triangle_noise_
0_000.png (PNG copy)> <./Images/Masks/montagne_out_circle_noise_0_000.png (PNG 
copy)> <./Images/Masks/montagne_out_square_noise_0_000.png (PNG copy)> <./Image
s/Masks/montagne_out_triangle_noise_0_000.png (PNG copy)> <./Images/Visages/v_i
nput_1.png (PNG copy)> <./Images/Visages/v_out_1.png (PNG copy)> <./Images/Visa
ges/v_input_2.png (PNG copy)> <./Images/Visages/v_out_2.png (PNG copy)>]
<Images/Padding/0_input.png, id=40, 501.875pt x 329.23pt>
File: Images/Padding/0_input.png Graphic file (type png)

<use Images/Padding/0_input.png>
Package pdftex.def Info: Images/Padding/0_input.png used on input line 204.
(pdftex.def)             Requested size: 165.61925pt x 108.64622pt.

<Images/Padding/3_input.png, id=41, 501.875pt x 329.23pt>
File: Images/Padding/3_input.png Graphic file (type png)

<use Images/Padding/3_input.png>
Package pdftex.def Info: Images/Padding/3_input.png used on input line 207.
(pdftex.def)             Requested size: 165.61925pt x 108.64622pt.

<Images/Padding/6_input.png, id=42, 376.40625pt x 246.9225pt>
File: Images/Padding/6_input.png Graphic file (type png)

<use Images/Padding/6_input.png>
Package pdftex.def Info: Images/Padding/6_input.png used on input line 210.
(pdftex.def)             Requested size: 124.21443pt x 81.48466pt.

<Images/Padding/0_out.png, id=43, 501.875pt x 329.23pt>
File: Images/Padding/0_out.png Graphic file (type png)

<use Images/Padding/0_out.png>
Package pdftex.def Info: Images/Padding/0_out.png used on input line 216.
(pdftex.def)             Requested size: 165.61925pt x 108.64622pt.

<Images/Padding/3_out.png, id=44, 501.875pt x 329.23pt>
File: Images/Padding/3_out.png Graphic file (type png)

<use Images/Padding/3_out.png>
Package pdftex.def Info: Images/Padding/3_out.png used on input line 219.
(pdftex.def)             Requested size: 165.61925pt x 108.64622pt.

<Images/Padding/6_out.png, id=45, 501.875pt x 329.23pt>
File: Images/Padding/6_out.png Graphic file (type png)

<use Images/Padding/6_out.png>
Package pdftex.def Info: Images/Padding/6_out.png used on input line 222.
(pdftex.def)             Requested size: 165.61925pt x 108.64622pt.

Underfull \hbox (badness 10000) in paragraph at lines 232--238

 []

[5 <./Images/Padding/0_input.png (PNG copy)> <./Images/Padding/3_input.png (PNG
 copy)> <./Images/Padding/6_input.png> <./Images/Padding/0_out.png (PNG copy)> 
<./Images/Padding/3_out.png (PNG copy)> <./Images/Padding/6_out.png (PNG copy)>
] <Images/Batch_norm/02/bateau_in.png, id=50, 501.875pt x 501.875pt>
File: Images/Batch_norm/02/bateau_in.png Graphic file (type png)

<use Images/Batch_norm/02/bateau_in.png>
Package pdftex.def Info: Images/Batch_norm/02/bateau_in.png used on input line 
246.
(pdftex.def)             Requested size: 120.45245pt x 120.45245pt.

<Images/Batch_norm/02/bateau_out_noise_0_00.png, id=51, 501.875pt x 501.875pt>
File: Images/Batch_norm/02/bateau_out_noise_0_00.png Graphic file (type png)

<use Images/Batch_norm/02/bateau_out_noise_0_00.png>
Package pdftex.def Info: Images/Batch_norm/02/bateau_out_noise_0_00.png used on
 input line 249.
(pdftex.def)             Requested size: 120.45245pt x 120.45245pt.

<Images/Batch_norm/02/bateau_out_noise_0_14.png, id=52, 501.875pt x 501.875pt>
File: Images/Batch_norm/02/bateau_out_noise_0_14.png Graphic file (type png)

<use Images/Batch_norm/02/bateau_out_noise_0_14.png>
Package pdftex.def Info: Images/Batch_norm/02/bateau_out_noise_0_14.png used on
 input line 252.
(pdftex.def)             Requested size: 120.45245pt x 120.45245pt.

<Images/Batch_norm/02/bateau_out_noise_0_28.png, id=53, 501.875pt x 501.875pt>
File: Images/Batch_norm/02/bateau_out_noise_0_28.png Graphic file (type png)

<use Images/Batch_norm/02/bateau_out_noise_0_28.png>
Package pdftex.def Info: Images/Batch_norm/02/bateau_out_noise_0_28.png used on
 input line 255.
(pdftex.def)             Requested size: 120.45245pt x 120.45245pt.

<Images/Batch_norm/47/bateau_in.png, id=54, 501.875pt x 501.875pt>
File: Images/Batch_norm/47/bateau_in.png Graphic file (type png)

<use Images/Batch_norm/47/bateau_in.png>
Package pdftex.def Info: Images/Batch_norm/47/bateau_in.png used on input line 
261.
(pdftex.def)             Requested size: 120.45245pt x 120.45245pt.

<Images/Batch_norm/47/bateau_out_noise_0_00.png, id=55, 501.875pt x 501.875pt>
File: Images/Batch_norm/47/bateau_out_noise_0_00.png Graphic file (type png)

<use Images/Batch_norm/47/bateau_out_noise_0_00.png>
Package pdftex.def Info: Images/Batch_norm/47/bateau_out_noise_0_00.png used on
 input line 264.
(pdftex.def)             Requested size: 120.45245pt x 120.45245pt.

<Images/Batch_norm/47/bateau_out_noise_0_14.png, id=56, 501.875pt x 501.875pt>
File: Images/Batch_norm/47/bateau_out_noise_0_14.png Graphic file (type png)

<use Images/Batch_norm/47/bateau_out_noise_0_14.png>
Package pdftex.def Info: Images/Batch_norm/47/bateau_out_noise_0_14.png used on
 input line 267.
(pdftex.def)             Requested size: 120.45245pt x 120.45245pt.

<Images/Batch_norm/47/bateau_out_noise_0_28.png, id=57, 501.875pt x 501.875pt>
File: Images/Batch_norm/47/bateau_out_noise_0_28.png Graphic file (type png)

<use Images/Batch_norm/47/bateau_out_noise_0_28.png>
Package pdftex.def Info: Images/Batch_norm/47/bateau_out_noise_0_28.png used on
 input line 270.
(pdftex.def)             Requested size: 120.45245pt x 120.45245pt.
 [6 <./Images/Batch_norm/02/bateau_in.png (PNG copy)> <./Images/Batch_norm/02/b
ateau_out_noise_0_00.png (PNG copy)> <./Images/Batch_norm/02/bateau_out_noise_0
_14.png (PNG copy)> <./Images/Batch_norm/02/bateau_out_noise_0_28.png (PNG copy
)> <./Images/Batch_norm/47/bateau_in.png (PNG copy)> <./Images/Batch_norm/47/ba
teau_out_noise_0_00.png (PNG copy)> <./Images/Batch_norm/47/bateau_out_noise_0_
14.png (PNG copy)> <./Images/Batch_norm/47/bateau_out_noise_0_28.png (PNG copy)
>]
<Images/Convolution/01/bateau_in.png, id=62, 501.875pt x 501.875pt>
File: Images/Convolution/01/bateau_in.png Graphic file (type png)

<use Images/Convolution/01/bateau_in.png>
Package pdftex.def Info: Images/Convolution/01/bateau_in.png used on input line
 283.
(pdftex.def)             Requested size: 120.45245pt x 120.45245pt.

<Images/Convolution/01/bateau_out_noise_0_00.png, id=63, 501.875pt x 501.875pt>
File: Images/Convolution/01/bateau_out_noise_0_00.png Graphic file (type png)
<use Images/Convolution/01/bateau_out_noise_0_00.png>
Package pdftex.def Info: Images/Convolution/01/bateau_out_noise_0_00.png used o
n input line 286.
(pdftex.def)             Requested size: 120.45245pt x 120.45245pt.

<Images/Convolution/01/bateau_out_noise_0_14.png, id=64, 501.875pt x 501.875pt>
File: Images/Convolution/01/bateau_out_noise_0_14.png Graphic file (type png)
<use Images/Convolution/01/bateau_out_noise_0_14.png>
Package pdftex.def Info: Images/Convolution/01/bateau_out_noise_0_14.png used o
n input line 289.
(pdftex.def)             Requested size: 120.45245pt x 120.45245pt.

<Images/Convolution/01/bateau_out_noise_0_28.png, id=65, 501.875pt x 501.875pt>
File: Images/Convolution/01/bateau_out_noise_0_28.png Graphic file (type png)
<use Images/Convolution/01/bateau_out_noise_0_28.png>
Package pdftex.def Info: Images/Convolution/01/bateau_out_noise_0_28.png used o
n input line 292.
(pdftex.def)             Requested size: 120.45245pt x 120.45245pt.

<Images/Convolution/04/bateau_in.png, id=66, 501.875pt x 501.875pt>
File: Images/Convolution/04/bateau_in.png Graphic file (type png)

<use Images/Convolution/04/bateau_in.png>
Package pdftex.def Info: Images/Convolution/04/bateau_in.png used on input line
 298.
(pdftex.def)             Requested size: 120.45245pt x 120.45245pt.

<Images/Convolution/04/bateau_out_noise_0_00.png, id=67, 501.875pt x 501.875pt>
File: Images/Convolution/04/bateau_out_noise_0_00.png Graphic file (type png)
<use Images/Convolution/04/bateau_out_noise_0_00.png>
Package pdftex.def Info: Images/Convolution/04/bateau_out_noise_0_00.png used o
n input line 301.
(pdftex.def)             Requested size: 120.45245pt x 120.45245pt.

<Images/Convolution/04/bateau_out_noise_0_14.png, id=68, 501.875pt x 501.875pt>
File: Images/Convolution/04/bateau_out_noise_0_14.png Graphic file (type png)
<use Images/Convolution/04/bateau_out_noise_0_14.png>
Package pdftex.def Info: Images/Convolution/04/bateau_out_noise_0_14.png used o
n input line 304.
(pdftex.def)             Requested size: 120.45245pt x 120.45245pt.

<Images/Convolution/04/bateau_out_noise_0_28.png, id=69, 501.875pt x 501.875pt>
File: Images/Convolution/04/bateau_out_noise_0_28.png Graphic file (type png)
<use Images/Convolution/04/bateau_out_noise_0_28.png>
Package pdftex.def Info: Images/Convolution/04/bateau_out_noise_0_28.png used o
n input line 307.
(pdftex.def)             Requested size: 120.45245pt x 120.45245pt.

<Images/Convolution/16/bateau_in.png, id=70, 501.875pt x 501.875pt>
File: Images/Convolution/16/bateau_in.png Graphic file (type png)

<use Images/Convolution/16/bateau_in.png>
Package pdftex.def Info: Images/Convolution/16/bateau_in.png used on input line
 313.
(pdftex.def)             Requested size: 120.45245pt x 120.45245pt.

<Images/Convolution/16/bateau_out_noise_0_00.png, id=71, 501.875pt x 501.875pt>
File: Images/Convolution/16/bateau_out_noise_0_00.png Graphic file (type png)
<use Images/Convolution/16/bateau_out_noise_0_00.png>
Package pdftex.def Info: Images/Convolution/16/bateau_out_noise_0_00.png used o
n input line 316.
(pdftex.def)             Requested size: 120.45245pt x 120.45245pt.

<Images/Convolution/16/bateau_out_noise_0_14.png, id=72, 501.875pt x 501.875pt>
File: Images/Convolution/16/bateau_out_noise_0_14.png Graphic file (type png)
<use Images/Convolution/16/bateau_out_noise_0_14.png>
Package pdftex.def Info: Images/Convolution/16/bateau_out_noise_0_14.png used o
n input line 319.
(pdftex.def)             Requested size: 120.45245pt x 120.45245pt.

<Images/Convolution/16/bateau_out_noise_0_28.png, id=73, 501.875pt x 501.875pt>
File: Images/Convolution/16/bateau_out_noise_0_28.png Graphic file (type png)
<use Images/Convolution/16/bateau_out_noise_0_28.png>
Package pdftex.def Info: Images/Convolution/16/bateau_out_noise_0_28.png used o
n input line 322.
(pdftex.def)             Requested size: 120.45245pt x 120.45245pt.

Underfull \hbox (badness 10000) in paragraph at lines 327--328

 []

[7 <./Images/Convolution/01/bateau_in.png (PNG copy)> <./Images/Convolution/01/
bateau_out_noise_0_00.png (PNG copy)> <./Images/Convolution/01/bateau_out_noise
_0_14.png (PNG copy)> <./Images/Convolution/01/bateau_out_noise_0_28.png (PNG c
opy)> <./Images/Convolution/04/bateau_in.png (PNG copy)> <./Images/Convolution/
04/bateau_out_noise_0_00.png (PNG copy)> <./Images/Convolution/04/bateau_out_no
ise_0_14.png (PNG copy)> <./Images/Convolution/04/bateau_out_noise_0_28.png (PN
G copy)> <./Images/Convolution/16/bateau_in.png (PNG copy)> <./Images/Convoluti
on/16/bateau_out_noise_0_00.png (PNG copy)> <./Images/Convolution/16/bateau_out
_noise_0_14.png (PNG copy)> <./Images/Convolution/16/bateau_out_noise_0_28.png 
(PNG copy)>] <Images/Dilated/22/bateau_in.png, id=78, 501.875pt x 501.875pt>
File: Images/Dilated/22/bateau_in.png Graphic file (type png)

<use Images/Dilated/22/bateau_in.png>
Package pdftex.def Info: Images/Dilated/22/bateau_in.png used on input line 335
.
(pdftex.def)             Requested size: 120.45245pt x 120.45245pt.

<Images/Dilated/22/bateau_out_noise_0_00.png, id=79, 501.875pt x 501.875pt>
File: Images/Dilated/22/bateau_out_noise_0_00.png Graphic file (type png)

<use Images/Dilated/22/bateau_out_noise_0_00.png>
Package pdftex.def Info: Images/Dilated/22/bateau_out_noise_0_00.png used on in
put line 338.
(pdftex.def)             Requested size: 120.45245pt x 120.45245pt.

<Images/Dilated/22/bateau_out_noise_0_14.png, id=80, 501.875pt x 501.875pt>
File: Images/Dilated/22/bateau_out_noise_0_14.png Graphic file (type png)

<use Images/Dilated/22/bateau_out_noise_0_14.png>
Package pdftex.def Info: Images/Dilated/22/bateau_out_noise_0_14.png used on in
put line 341.
(pdftex.def)             Requested size: 120.45245pt x 120.45245pt.

<Images/Dilated/22/bateau_out_noise_0_28.png, id=81, 501.875pt x 501.875pt>
File: Images/Dilated/22/bateau_out_noise_0_28.png Graphic file (type png)

<use Images/Dilated/22/bateau_out_noise_0_28.png>
Package pdftex.def Info: Images/Dilated/22/bateau_out_noise_0_28.png used on in
put line 344.
(pdftex.def)             Requested size: 120.45245pt x 120.45245pt.

<Images/Dilated/28/bateau_in.png, id=82, 501.875pt x 501.875pt>
File: Images/Dilated/28/bateau_in.png Graphic file (type png)

<use Images/Dilated/28/bateau_in.png>
Package pdftex.def Info: Images/Dilated/28/bateau_in.png used on input line 350
.
(pdftex.def)             Requested size: 120.45245pt x 120.45245pt.

<Images/Dilated/28/bateau_out_noise_0_00.png, id=83, 501.875pt x 501.875pt>
File: Images/Dilated/28/bateau_out_noise_0_00.png Graphic file (type png)

<use Images/Dilated/28/bateau_out_noise_0_00.png>
Package pdftex.def Info: Images/Dilated/28/bateau_out_noise_0_00.png used on in
put line 353.
(pdftex.def)             Requested size: 120.45245pt x 120.45245pt.

<Images/Dilated/28/bateau_out_noise_0_14.png, id=84, 501.875pt x 501.875pt>
File: Images/Dilated/28/bateau_out_noise_0_14.png Graphic file (type png)

<use Images/Dilated/28/bateau_out_noise_0_14.png>
Package pdftex.def Info: Images/Dilated/28/bateau_out_noise_0_14.png used on in
put line 356.
(pdftex.def)             Requested size: 120.45245pt x 120.45245pt.

<Images/Dilated/28/bateau_out_noise_0_28.png, id=85, 501.875pt x 501.875pt>
File: Images/Dilated/28/bateau_out_noise_0_28.png Graphic file (type png)

<use Images/Dilated/28/bateau_out_noise_0_28.png>
Package pdftex.def Info: Images/Dilated/28/bateau_out_noise_0_28.png used on in
put line 359.
(pdftex.def)             Requested size: 120.45245pt x 120.45245pt.
 [8 <./Images/Dilated/22/bateau_in.png (PNG copy)> <./Images/Dilated/22/bateau_
out_noise_0_00.png (PNG copy)> <./Images/Dilated/22/bateau_out_noise_0_14.png (
PNG copy)> <./Images/Dilated/22/bateau_out_noise_0_28.png (PNG copy)> <./Images
/Dilated/28/bateau_in.png (PNG copy)> <./Images/Dilated/28/bateau_out_noise_0_0
0.png (PNG copy)> <./Images/Dilated/28/bateau_out_noise_0_14.png (PNG copy)> <.
/Images/Dilated/28/bateau_out_noise_0_28.png (PNG copy)>]
<Images/editor.png, id=89, 603.25375pt x 438.63875pt>
File: Images/editor.png Graphic file (type png)
 <use Images/editor.png>
Package pdftex.def Info: Images/editor.png used on input line 397.
(pdftex.def)             Requested size: 241.29723pt x 175.45238pt.

[9 <./Images/editor.png>]
<Images/CoL/input_1.png, id=93, 501.875pt x 281.05pt>
File: Images/CoL/input_1.png Graphic file (type png)

<use Images/CoL/input_1.png>
Package pdftex.def Info: Images/CoL/input_1.png used on input line 428.
(pdftex.def)             Requested size: 120.45245pt x 67.45337pt.

<Images/CoL/input_2.png, id=94, 501.875pt x 281.05pt>
File: Images/CoL/input_2.png Graphic file (type png)

<use Images/CoL/input_2.png>
Package pdftex.def Info: Images/CoL/input_2.png used on input line 431.
(pdftex.def)             Requested size: 120.45245pt x 67.45337pt.

<Images/CoL/input_3.png, id=95, 501.875pt x 281.05pt>
File: Images/CoL/input_3.png Graphic file (type png)

<use Images/CoL/input_3.png>
Package pdftex.def Info: Images/CoL/input_3.png used on input line 434.
(pdftex.def)             Requested size: 120.45245pt x 67.45337pt.

<Images/CoL/input_4.png, id=96, 501.875pt x 281.05pt>
File: Images/CoL/input_4.png Graphic file (type png)

<use Images/CoL/input_4.png>
Package pdftex.def Info: Images/CoL/input_4.png used on input line 437.
(pdftex.def)             Requested size: 120.45245pt x 67.45337pt.

<Images/CoL/out_1.png, id=97, 501.875pt x 281.05pt>
File: Images/CoL/out_1.png Graphic file (type png)
 <use Images/CoL/out_1.png>
Package pdftex.def Info: Images/CoL/out_1.png used on input line 443.
(pdftex.def)             Requested size: 120.45245pt x 67.45337pt.

<Images/CoL/out_2.png, id=98, 501.875pt x 281.05pt>
File: Images/CoL/out_2.png Graphic file (type png)
 <use Images/CoL/out_2.png>
Package pdftex.def Info: Images/CoL/out_2.png used on input line 446.
(pdftex.def)             Requested size: 120.45245pt x 67.45337pt.

<Images/CoL/out_3.png, id=99, 501.875pt x 281.05pt>
File: Images/CoL/out_3.png Graphic file (type png)
 <use Images/CoL/out_3.png>
Package pdftex.def Info: Images/CoL/out_3.png used on input line 449.
(pdftex.def)             Requested size: 120.45245pt x 67.45337pt.

<Images/CoL/out_4.png, id=100, 501.875pt x 281.05pt>
File: Images/CoL/out_4.png Graphic file (type png)

<use Images/CoL/out_4.png>
Package pdftex.def Info: Images/CoL/out_4.png used on input line 452.
(pdftex.def)             Requested size: 120.45245pt x 67.45337pt.
 [10 <./Images/CoL/input_1.png (PNG copy)> <./Images/CoL/input_2.png (PNG copy)
> <./Images/CoL/input_3.png (PNG copy)> <./Images/CoL/input_4.png (PNG copy)> <
./Images/CoL/out_1.png (PNG copy)> <./Images/CoL/out_2.png (PNG copy)> <./Image
s/CoL/out_3.png (PNG copy)> <./Images/CoL/out_4.png (PNG copy)>] <Images/Gogh/i
nput_1.png, id=104, 501.875pt x 393.47pt>
File: Images/Gogh/input_1.png Graphic file (type png)

<use Images/Gogh/input_1.png>
Package pdftex.def Info: Images/Gogh/input_1.png used on input line 465.
(pdftex.def)             Requested size: 165.61925pt x 129.84549pt.

<Images/Gogh/input_2.png, id=105, 501.875pt x 393.47pt>
File: Images/Gogh/input_2.png Graphic file (type png)

<use Images/Gogh/input_2.png>
Package pdftex.def Info: Images/Gogh/input_2.png used on input line 468.
(pdftex.def)             Requested size: 165.61925pt x 129.84549pt.

<Images/Gogh/input_3.png, id=106, 501.875pt x 393.47pt>
File: Images/Gogh/input_3.png Graphic file (type png)

<use Images/Gogh/input_3.png>
Package pdftex.def Info: Images/Gogh/input_3.png used on input line 471.
(pdftex.def)             Requested size: 165.61925pt x 129.84549pt.

<Images/Gogh/out_1.png, id=107, 501.875pt x 393.47pt>
File: Images/Gogh/out_1.png Graphic file (type png)

<use Images/Gogh/out_1.png>
Package pdftex.def Info: Images/Gogh/out_1.png used on input line 477.
(pdftex.def)             Requested size: 165.61925pt x 129.84549pt.

<Images/Gogh/out_2.png, id=108, 501.875pt x 393.47pt>
File: Images/Gogh/out_2.png Graphic file (type png)

<use Images/Gogh/out_2.png>
Package pdftex.def Info: Images/Gogh/out_2.png used on input line 480.
(pdftex.def)             Requested size: 165.61925pt x 129.84549pt.

<Images/Gogh/out_3.png, id=109, 501.875pt x 393.47pt>
File: Images/Gogh/out_3.png Graphic file (type png)

<use Images/Gogh/out_3.png>
Package pdftex.def Info: Images/Gogh/out_3.png used on input line 483.
(pdftex.def)             Requested size: 165.61925pt x 129.84549pt.
 [11 <./Images/Gogh/input_1.png (PNG copy)> <./Images/Gogh/input_2.png (PNG cop
y)> <./Images/Gogh/input_3.png (PNG copy)> <./Images/Gogh/out_1.png (PNG copy)>
 <./Images/Gogh/out_2.png (PNG copy)> <./Images/Gogh/out_3.png (PNG copy)>] (./
report.bbl) [12] (./report.aux)

LaTeX Warning: There were multiply-defined labels.

 ) 
Here is how much of TeX's memory you used:
 6225 strings out of 494910
 95541 string characters out of 6179835
 154856 words of memory out of 5000000
 9381 multiletter control sequences out of 15000+600000
 12750 words of font info for 49 fonts, out of 8000000 for 9000
 36 hyphenation exceptions out of 8191
 44i,7n,42p,882b,319s stack positions out of 5000i,500n,10000p,200000b,80000s
</usr/share/texlive/texmf-dist/fonts/type1/public/amsfonts/cm/cmbx12.pfb></us
r/share/texlive/texmf-dist/fonts/type1/public/amsfonts/cm/cmmi12.pfb></usr/shar
e/texlive/texmf-dist/fonts/type1/public/amsfonts/cm/cmr12.pfb></usr/share/texli
ve/texmf-dist/fonts/type1/public/amsfonts/cm/cmr17.pfb></usr/share/texlive/texm
f-dist/fonts/type1/public/amsfonts/cm/cmsy10.pfb></usr/share/texlive/texmf-dist
/fonts/type1/public/amsfonts/cm/cmti12.pfb>
Output written on report.pdf (12 pages, 26104607 bytes).
PDF statistics:
 138 PDF objects out of 1000 (max. 8388607)
 47 compressed objects within 1 object stream
 0 named destinations out of 1000 (max. 500000)
 336 words of extra memory for PDF output out of 10000 (max. 10000000)

